11:35:11.356 [main] DEBUG org.apache.ibatis.logging.LogFactory.debug - Logging initialized using 'org.apache.ibatis.logging.slf4j.Slf4jImpl' adapter.
11:35:11.387 [main] DEBUG org.mybatis.spring.SqlSessionFactoryBean.debug - Property 'configLocation' not specified, using default MyBatis Configuration
11:35:12.072 [main] DEBUG org.mybatis.spring.SqlSessionFactoryBean.debug - Parsed mapper file: 'file [D:\workspace_zpApp\zpApp\target\classes\META-INF\mybatis\manager\config\Mysql_ConfigMapper.xml]'
11:35:12.121 [main] DEBUG org.mybatis.spring.SqlSessionFactoryBean.debug - Parsed mapper file: 'file [D:\workspace_zpApp\zpApp\target\classes\META-INF\mybatis\manager\Mysql_UserMapper.xml]'
11:35:18.183 [1709697215@qtp-888776338-0] INFO  org.hibernate.validator.util.Version.<clinit> - Hibernate Validator 4.2.0.Final
11:35:18.192 [1709697215@qtp-888776338-0] DEBUG org.hibernate.validator.engine.resolver.DefaultTraversableResolver.detectJPA - Cannot find javax.persistence.Persistence on classpath. Assuming non JPA 2 environment. All properties will per default be traversable.
11:35:18.197 [1709697215@qtp-888776338-0] DEBUG org.hibernate.validator.xml.ValidationXmlParser.getValidationConfig - Trying to load META-INF/validation.xml for XML based Validator configuration.
11:35:18.200 [1709697215@qtp-888776338-0] DEBUG org.hibernate.validator.xml.ValidationXmlParser.getValidationConfig - No META-INF/validation.xml found. Using annotation based configuration only
11:35:23.779 [615355056@qtp-888776338-4] DEBUG org.mybatis.spring.SqlSessionUtils.debug - Creating a new SqlSession
11:35:23.792 [615355056@qtp-888776338-4] DEBUG org.mybatis.spring.SqlSessionUtils.debug - Registering transaction synchronization for SqlSession [org.apache.ibatis.session.defaults.DefaultSqlSession@49aa2300]
11:35:23.875 [615355056@qtp-888776338-4] DEBUG org.mybatis.spring.transaction.SpringManagedTransaction.debug - JDBC Connection [com.mysql.jdbc.JDBC4Connection@2f890ee5] will be managed by Spring
11:35:23.881 [615355056@qtp-888776338-4] DEBUG com.isoftstone.app.entity.sysConfig.configDao.total.debug - ooo Using Connection [com.mysql.jdbc.JDBC4Connection@2f890ee5]
11:35:23.900 [615355056@qtp-888776338-4] DEBUG com.isoftstone.app.entity.sysConfig.configDao.total.debug - ==>  Preparing: select count(p.key_id) from T_SYS_CONFIG p WHERE IS_DEL = 0 
11:35:23.937 [615355056@qtp-888776338-4] DEBUG com.isoftstone.app.entity.sysConfig.configDao.total.debug - ==> Parameters: 
11:35:23.969 [615355056@qtp-888776338-4] DEBUG org.mybatis.spring.SqlSessionUtils.debug - Releasing transactional SqlSession [org.apache.ibatis.session.defaults.DefaultSqlSession@49aa2300]
11:35:23.970 [615355056@qtp-888776338-4] DEBUG org.mybatis.spring.SqlSessionUtils.debug - Fetched SqlSession [org.apache.ibatis.session.defaults.DefaultSqlSession@49aa2300] from current transaction
11:35:23.974 [615355056@qtp-888776338-4] DEBUG com.isoftstone.app.entity.sysConfig.configDao.configList.debug - ooo Using Connection [com.mysql.jdbc.JDBC4Connection@2f890ee5]
11:35:23.974 [615355056@qtp-888776338-4] DEBUG com.isoftstone.app.entity.sysConfig.configDao.configList.debug - ==>  Preparing: SELECT C.KEY_ID, C.EMP_ID, C.KEY_NAME, C.KEY_DESC, C.KEY_TYPE, C.KEY_VALUE1, C.KEY_VALUE2, date_format(C.KEY_VALUE3,'%Y-%m-%d') KEY_VALUE3, C.KEY_VALUE4, date_format(C.EDT_TIME,'%Y-%m-%d') EDT_TIME FROM T_SYS_CONFIG C WHERE IS_DEL = 0 LIMIT ?, ? 
11:35:23.975 [615355056@qtp-888776338-4] DEBUG com.isoftstone.app.entity.sysConfig.configDao.configList.debug - ==> Parameters: 0(Long), 10(Long)
11:35:23.981 [615355056@qtp-888776338-4] DEBUG org.mybatis.spring.SqlSessionUtils.debug - Releasing transactional SqlSession [org.apache.ibatis.session.defaults.DefaultSqlSession@49aa2300]
11:35:23.982 [615355056@qtp-888776338-4] DEBUG org.mybatis.spring.SqlSessionUtils.debug - Transaction synchronization committing SqlSession [org.apache.ibatis.session.defaults.DefaultSqlSession@49aa2300]
11:35:23.982 [615355056@qtp-888776338-4] DEBUG org.mybatis.spring.SqlSessionUtils.debug - Transaction synchronization closing SqlSession [org.apache.ibatis.session.defaults.DefaultSqlSession@49aa2300]
11:35:41.584 [615355056@qtp-888776338-4] DEBUG org.mybatis.spring.SqlSessionUtils.debug - Creating a new SqlSession
11:35:41.585 [615355056@qtp-888776338-4] DEBUG org.mybatis.spring.SqlSessionUtils.debug - Registering transaction synchronization for SqlSession [org.apache.ibatis.session.defaults.DefaultSqlSession@59aa07a4]
11:35:41.589 [615355056@qtp-888776338-4] DEBUG org.mybatis.spring.transaction.SpringManagedTransaction.debug - JDBC Connection [com.mysql.jdbc.JDBC4Connection@74316bd] will be managed by Spring
11:35:41.589 [615355056@qtp-888776338-4] DEBUG com.isoftstone.app.userDao.getUserByName.debug - ooo Using Connection [com.mysql.jdbc.JDBC4Connection@74316bd]
11:35:41.599 [615355056@qtp-888776338-4] DEBUG com.isoftstone.app.userDao.getUserByName.debug - ==>  Preparing: SELECT id, username, password FROM t_user_info WHERE username=? 
11:35:41.600 [615355056@qtp-888776338-4] DEBUG com.isoftstone.app.userDao.getUserByName.debug - ==> Parameters: husong(String)
11:35:41.602 [615355056@qtp-888776338-4] DEBUG org.mybatis.spring.SqlSessionUtils.debug - Releasing transactional SqlSession [org.apache.ibatis.session.defaults.DefaultSqlSession@59aa07a4]
11:35:41.603 [615355056@qtp-888776338-4] DEBUG org.mybatis.spring.SqlSessionUtils.debug - Transaction synchronization committing SqlSession [org.apache.ibatis.session.defaults.DefaultSqlSession@59aa07a4]
11:35:41.603 [615355056@qtp-888776338-4] DEBUG org.mybatis.spring.SqlSessionUtils.debug - Transaction synchronization closing SqlSession [org.apache.ibatis.session.defaults.DefaultSqlSession@59aa07a4]
14:06:07.602 [615355056@qtp-888776338-4] DEBUG org.mybatis.spring.SqlSessionUtils.debug - Creating a new SqlSession
14:06:07.606 [615355056@qtp-888776338-4] DEBUG org.mybatis.spring.SqlSessionUtils.debug - Registering transaction synchronization for SqlSession [org.apache.ibatis.session.defaults.DefaultSqlSession@4aee9248]
14:06:07.607 [615355056@qtp-888776338-4] DEBUG org.mybatis.spring.transaction.SpringManagedTransaction.debug - JDBC Connection [com.mysql.jdbc.JDBC4Connection@5853648d] will be managed by Spring
14:06:07.607 [615355056@qtp-888776338-4] DEBUG com.isoftstone.app.entity.sysConfig.configDao.total.debug - ooo Using Connection [com.mysql.jdbc.JDBC4Connection@5853648d]
14:06:07.608 [615355056@qtp-888776338-4] DEBUG com.isoftstone.app.entity.sysConfig.configDao.total.debug - ==>  Preparing: select count(p.key_id) from T_SYS_CONFIG p WHERE IS_DEL = 0 
14:06:07.608 [615355056@qtp-888776338-4] DEBUG com.isoftstone.app.entity.sysConfig.configDao.total.debug - ==> Parameters: 
14:06:07.610 [615355056@qtp-888776338-4] DEBUG org.mybatis.spring.SqlSessionUtils.debug - Releasing transactional SqlSession [org.apache.ibatis.session.defaults.DefaultSqlSession@4aee9248]
14:06:07.610 [615355056@qtp-888776338-4] DEBUG org.mybatis.spring.SqlSessionUtils.debug - Fetched SqlSession [org.apache.ibatis.session.defaults.DefaultSqlSession@4aee9248] from current transaction
14:06:07.611 [615355056@qtp-888776338-4] DEBUG com.isoftstone.app.entity.sysConfig.configDao.configList.debug - ooo Using Connection [com.mysql.jdbc.JDBC4Connection@5853648d]
14:06:07.611 [615355056@qtp-888776338-4] DEBUG com.isoftstone.app.entity.sysConfig.configDao.configList.debug - ==>  Preparing: SELECT C.KEY_ID, C.EMP_ID, C.KEY_NAME, C.KEY_DESC, C.KEY_TYPE, C.KEY_VALUE1, C.KEY_VALUE2, date_format(C.KEY_VALUE3,'%Y-%m-%d') KEY_VALUE3, C.KEY_VALUE4, date_format(C.EDT_TIME,'%Y-%m-%d') EDT_TIME FROM T_SYS_CONFIG C WHERE IS_DEL = 0 LIMIT ?, ? 
14:06:07.612 [615355056@qtp-888776338-4] DEBUG com.isoftstone.app.entity.sysConfig.configDao.configList.debug - ==> Parameters: 0(Long), 10(Long)
14:06:07.616 [615355056@qtp-888776338-4] DEBUG org.mybatis.spring.SqlSessionUtils.debug - Releasing transactional SqlSession [org.apache.ibatis.session.defaults.DefaultSqlSession@4aee9248]
14:06:07.617 [615355056@qtp-888776338-4] DEBUG org.mybatis.spring.SqlSessionUtils.debug - Transaction synchronization committing SqlSession [org.apache.ibatis.session.defaults.DefaultSqlSession@4aee9248]
14:06:07.618 [615355056@qtp-888776338-4] DEBUG org.mybatis.spring.SqlSessionUtils.debug - Transaction synchronization closing SqlSession [org.apache.ibatis.session.defaults.DefaultSqlSession@4aee9248]
14:15:36.861 [1831057799@qtp-888776338-11] DEBUG org.mybatis.spring.SqlSessionUtils.debug - Creating a new SqlSession
14:15:36.861 [1831057799@qtp-888776338-11] DEBUG org.mybatis.spring.SqlSessionUtils.debug - Registering transaction synchronization for SqlSession [org.apache.ibatis.session.defaults.DefaultSqlSession@71eaebde]
14:15:36.862 [1831057799@qtp-888776338-11] DEBUG org.mybatis.spring.transaction.SpringManagedTransaction.debug - JDBC Connection [com.mysql.jdbc.JDBC4Connection@4defe6cc] will be managed by Spring
14:15:36.862 [1831057799@qtp-888776338-11] DEBUG com.isoftstone.app.userDao.getUserByName.debug - ooo Using Connection [com.mysql.jdbc.JDBC4Connection@4defe6cc]
14:15:36.862 [1831057799@qtp-888776338-11] DEBUG com.isoftstone.app.userDao.getUserByName.debug - ==>  Preparing: SELECT id, username, password FROM t_user_info WHERE username=? 
14:15:36.862 [1831057799@qtp-888776338-11] DEBUG com.isoftstone.app.userDao.getUserByName.debug - ==> Parameters: husong(String)
14:15:36.864 [1831057799@qtp-888776338-11] DEBUG org.mybatis.spring.SqlSessionUtils.debug - Releasing transactional SqlSession [org.apache.ibatis.session.defaults.DefaultSqlSession@71eaebde]
14:15:36.865 [1831057799@qtp-888776338-11] DEBUG org.mybatis.spring.SqlSessionUtils.debug - Transaction synchronization committing SqlSession [org.apache.ibatis.session.defaults.DefaultSqlSession@71eaebde]
14:15:36.866 [1831057799@qtp-888776338-11] DEBUG org.mybatis.spring.SqlSessionUtils.debug - Transaction synchronization closing SqlSession [org.apache.ibatis.session.defaults.DefaultSqlSession@71eaebde]
14:16:28.061 [1831057799@qtp-888776338-11] DEBUG org.mybatis.spring.SqlSessionUtils.debug - Creating a new SqlSession
14:16:28.062 [1831057799@qtp-888776338-11] DEBUG org.mybatis.spring.SqlSessionUtils.debug - Registering transaction synchronization for SqlSession [org.apache.ibatis.session.defaults.DefaultSqlSession@4e444c2e]
14:16:28.062 [1831057799@qtp-888776338-11] DEBUG org.mybatis.spring.transaction.SpringManagedTransaction.debug - JDBC Connection [com.mysql.jdbc.JDBC4Connection@47f1b778] will be managed by Spring
14:16:28.063 [1831057799@qtp-888776338-11] DEBUG com.isoftstone.app.userDao.getUserByName.debug - ooo Using Connection [com.mysql.jdbc.JDBC4Connection@47f1b778]
14:16:28.063 [1831057799@qtp-888776338-11] DEBUG com.isoftstone.app.userDao.getUserByName.debug - ==>  Preparing: SELECT id, username, password FROM t_user_info WHERE username=? 
14:16:28.064 [1831057799@qtp-888776338-11] DEBUG com.isoftstone.app.userDao.getUserByName.debug - ==> Parameters: husong(String)
14:16:28.065 [1831057799@qtp-888776338-11] DEBUG org.mybatis.spring.SqlSessionUtils.debug - Releasing transactional SqlSession [org.apache.ibatis.session.defaults.DefaultSqlSession@4e444c2e]
14:16:28.066 [1831057799@qtp-888776338-11] DEBUG org.mybatis.spring.SqlSessionUtils.debug - Transaction synchronization committing SqlSession [org.apache.ibatis.session.defaults.DefaultSqlSession@4e444c2e]
14:16:28.066 [1831057799@qtp-888776338-11] DEBUG org.mybatis.spring.SqlSessionUtils.debug - Transaction synchronization closing SqlSession [org.apache.ibatis.session.defaults.DefaultSqlSession@4e444c2e]
14:16:44.607 [1831057799@qtp-888776338-11] DEBUG org.mybatis.spring.SqlSessionUtils.debug - Creating a new SqlSession
14:16:44.608 [1831057799@qtp-888776338-11] DEBUG org.mybatis.spring.SqlSessionUtils.debug - Registering transaction synchronization for SqlSession [org.apache.ibatis.session.defaults.DefaultSqlSession@145b6acc]
14:16:44.608 [1831057799@qtp-888776338-11] DEBUG org.mybatis.spring.transaction.SpringManagedTransaction.debug - JDBC Connection [com.mysql.jdbc.JDBC4Connection@7eb0f7c7] will be managed by Spring
14:16:44.608 [1831057799@qtp-888776338-11] DEBUG com.isoftstone.app.userDao.getUserByName.debug - ooo Using Connection [com.mysql.jdbc.JDBC4Connection@7eb0f7c7]
14:16:44.609 [1831057799@qtp-888776338-11] DEBUG com.isoftstone.app.userDao.getUserByName.debug - ==>  Preparing: SELECT id, username, password FROM t_user_info WHERE username=? 
14:16:44.609 [1831057799@qtp-888776338-11] DEBUG com.isoftstone.app.userDao.getUserByName.debug - ==> Parameters: husong(String)
14:16:44.620 [1831057799@qtp-888776338-11] DEBUG org.mybatis.spring.SqlSessionUtils.debug - Releasing transactional SqlSession [org.apache.ibatis.session.defaults.DefaultSqlSession@145b6acc]
14:16:44.625 [1831057799@qtp-888776338-11] DEBUG org.mybatis.spring.SqlSessionUtils.debug - Transaction synchronization committing SqlSession [org.apache.ibatis.session.defaults.DefaultSqlSession@145b6acc]
14:16:44.625 [1831057799@qtp-888776338-11] DEBUG org.mybatis.spring.SqlSessionUtils.debug - Transaction synchronization closing SqlSession [org.apache.ibatis.session.defaults.DefaultSqlSession@145b6acc]
14:18:12.078 [416476962@qtp-888776338-17] DEBUG org.mybatis.spring.SqlSessionUtils.debug - Creating a new SqlSession
14:18:12.079 [416476962@qtp-888776338-17] DEBUG org.mybatis.spring.SqlSessionUtils.debug - Registering transaction synchronization for SqlSession [org.apache.ibatis.session.defaults.DefaultSqlSession@159c1a5f]
14:18:12.080 [416476962@qtp-888776338-17] DEBUG org.mybatis.spring.transaction.SpringManagedTransaction.debug - JDBC Connection [com.mysql.jdbc.JDBC4Connection@5af9afdd] will be managed by Spring
14:18:12.080 [416476962@qtp-888776338-17] DEBUG com.isoftstone.app.userDao.getUserByName.debug - ooo Using Connection [com.mysql.jdbc.JDBC4Connection@5af9afdd]
14:18:12.080 [416476962@qtp-888776338-17] DEBUG com.isoftstone.app.userDao.getUserByName.debug - ==>  Preparing: SELECT id, username, password FROM t_user_info WHERE username=? 
14:18:12.081 [416476962@qtp-888776338-17] DEBUG com.isoftstone.app.userDao.getUserByName.debug - ==> Parameters: husong(String)
14:18:12.093 [416476962@qtp-888776338-17] DEBUG org.mybatis.spring.SqlSessionUtils.debug - Releasing transactional SqlSession [org.apache.ibatis.session.defaults.DefaultSqlSession@159c1a5f]
14:18:12.095 [416476962@qtp-888776338-17] DEBUG org.mybatis.spring.SqlSessionUtils.debug - Transaction synchronization committing SqlSession [org.apache.ibatis.session.defaults.DefaultSqlSession@159c1a5f]
14:18:12.095 [416476962@qtp-888776338-17] DEBUG org.mybatis.spring.SqlSessionUtils.debug - Transaction synchronization closing SqlSession [org.apache.ibatis.session.defaults.DefaultSqlSession@159c1a5f]
14:20:05.415 [416476962@qtp-888776338-17] DEBUG org.mybatis.spring.SqlSessionUtils.debug - Creating a new SqlSession
14:20:05.416 [416476962@qtp-888776338-17] DEBUG org.mybatis.spring.SqlSessionUtils.debug - Registering transaction synchronization for SqlSession [org.apache.ibatis.session.defaults.DefaultSqlSession@d76516b]
14:20:05.416 [416476962@qtp-888776338-17] DEBUG org.mybatis.spring.transaction.SpringManagedTransaction.debug - JDBC Connection [com.mysql.jdbc.JDBC4Connection@2ae89c6f] will be managed by Spring
14:20:05.417 [416476962@qtp-888776338-17] DEBUG com.isoftstone.app.userDao.getUserByName.debug - ooo Using Connection [com.mysql.jdbc.JDBC4Connection@2ae89c6f]
14:20:05.417 [416476962@qtp-888776338-17] DEBUG com.isoftstone.app.userDao.getUserByName.debug - ==>  Preparing: SELECT id, username, password FROM t_user_info WHERE username=? 
14:20:05.417 [416476962@qtp-888776338-17] DEBUG com.isoftstone.app.userDao.getUserByName.debug - ==> Parameters: husong(String)
14:20:05.419 [416476962@qtp-888776338-17] DEBUG org.mybatis.spring.SqlSessionUtils.debug - Releasing transactional SqlSession [org.apache.ibatis.session.defaults.DefaultSqlSession@d76516b]
14:20:05.421 [416476962@qtp-888776338-17] DEBUG org.mybatis.spring.SqlSessionUtils.debug - Transaction synchronization committing SqlSession [org.apache.ibatis.session.defaults.DefaultSqlSession@d76516b]
14:20:05.421 [416476962@qtp-888776338-17] DEBUG org.mybatis.spring.SqlSessionUtils.debug - Transaction synchronization closing SqlSession [org.apache.ibatis.session.defaults.DefaultSqlSession@d76516b]
14:49:13.642 [main] DEBUG org.apache.ibatis.logging.LogFactory.debug - Logging initialized using 'org.apache.ibatis.logging.slf4j.Slf4jImpl' adapter.
14:49:13.667 [main] DEBUG org.mybatis.spring.SqlSessionFactoryBean.debug - Property 'configLocation' not specified, using default MyBatis Configuration
14:49:14.536 [main] DEBUG org.mybatis.spring.SqlSessionFactoryBean.debug - Parsed mapper file: 'file [D:\workspace_zpApp\zpApp\target\classes\META-INF\mybatis\manager\config\Mysql_ConfigMapper.xml]'
14:49:14.587 [main] DEBUG org.mybatis.spring.SqlSessionFactoryBean.debug - Parsed mapper file: 'file [D:\workspace_zpApp\zpApp\target\classes\META-INF\mybatis\manager\job\Mysql_JobTypeMapper.xml]'
14:49:14.626 [main] DEBUG org.mybatis.spring.SqlSessionFactoryBean.debug - Parsed mapper file: 'file [D:\workspace_zpApp\zpApp\target\classes\META-INF\mybatis\manager\Mysql_UserMapper.xml]'
14:49:41.876 [1922453059@qtp-839149494-3] INFO  org.hibernate.validator.util.Version.<clinit> - Hibernate Validator 4.2.0.Final
14:49:41.885 [1922453059@qtp-839149494-3] DEBUG org.hibernate.validator.engine.resolver.DefaultTraversableResolver.detectJPA - Cannot find javax.persistence.Persistence on classpath. Assuming non JPA 2 environment. All properties will per default be traversable.
14:49:41.889 [1922453059@qtp-839149494-3] DEBUG org.hibernate.validator.xml.ValidationXmlParser.getValidationConfig - Trying to load META-INF/validation.xml for XML based Validator configuration.
14:49:41.890 [1922453059@qtp-839149494-3] DEBUG org.hibernate.validator.xml.ValidationXmlParser.getValidationConfig - No META-INF/validation.xml found. Using annotation based configuration only
14:50:04.575 [1922453059@qtp-839149494-3] DEBUG org.mybatis.spring.SqlSessionUtils.debug - Creating a new SqlSession
14:50:04.582 [1922453059@qtp-839149494-3] DEBUG org.mybatis.spring.SqlSessionUtils.debug - Registering transaction synchronization for SqlSession [org.apache.ibatis.session.defaults.DefaultSqlSession@3103811e]
14:50:04.652 [1922453059@qtp-839149494-3] DEBUG org.mybatis.spring.transaction.SpringManagedTransaction.debug - JDBC Connection [com.mysql.jdbc.JDBC4Connection@7e8d50cd] will be managed by Spring
14:50:04.655 [1922453059@qtp-839149494-3] DEBUG com.isoftstone.app.userDao.getUserByName.debug - ooo Using Connection [com.mysql.jdbc.JDBC4Connection@7e8d50cd]
14:50:04.663 [1922453059@qtp-839149494-3] DEBUG com.isoftstone.app.userDao.getUserByName.debug - ==>  Preparing: SELECT id, username, password FROM t_user_info WHERE username=? 
14:50:04.698 [1922453059@qtp-839149494-3] DEBUG com.isoftstone.app.userDao.getUserByName.debug - ==> Parameters: husong(String)
14:50:04.723 [1922453059@qtp-839149494-3] DEBUG org.mybatis.spring.SqlSessionUtils.debug - Releasing transactional SqlSession [org.apache.ibatis.session.defaults.DefaultSqlSession@3103811e]
14:50:04.724 [1922453059@qtp-839149494-3] DEBUG org.mybatis.spring.SqlSessionUtils.debug - Transaction synchronization committing SqlSession [org.apache.ibatis.session.defaults.DefaultSqlSession@3103811e]
14:50:04.725 [1922453059@qtp-839149494-3] DEBUG org.mybatis.spring.SqlSessionUtils.debug - Transaction synchronization closing SqlSession [org.apache.ibatis.session.defaults.DefaultSqlSession@3103811e]
14:50:10.542 [1922453059@qtp-839149494-3] DEBUG org.mybatis.spring.SqlSessionUtils.debug - Creating a new SqlSession
14:50:10.542 [1922453059@qtp-839149494-3] DEBUG org.mybatis.spring.SqlSessionUtils.debug - Registering transaction synchronization for SqlSession [org.apache.ibatis.session.defaults.DefaultSqlSession@16efb063]
14:50:10.582 [1922453059@qtp-839149494-3] DEBUG org.mybatis.spring.transaction.SpringManagedTransaction.debug - JDBC Connection [com.mysql.jdbc.JDBC4Connection@1a775869] will be managed by Spring
14:50:10.582 [1922453059@qtp-839149494-3] DEBUG com.isoftstone.app.entity.job.jobTypeDao.getList.debug - ooo Using Connection [com.mysql.jdbc.JDBC4Connection@1a775869]
14:50:10.583 [1922453059@qtp-839149494-3] DEBUG com.isoftstone.app.entity.job.jobTypeDao.getList.debug - ==>  Preparing: SELECT type_id typeId, type_name typeName, update_time updateTime, create_time createTime FROM t_expert_type where classification = ? 
14:50:10.584 [1922453059@qtp-839149494-3] DEBUG com.isoftstone.app.entity.job.jobTypeDao.getList.debug - ==> Parameters: 0(Integer)
14:50:10.775 [1922453059@qtp-839149494-3] DEBUG org.mybatis.spring.SqlSessionUtils.debug - Releasing transactional SqlSession [org.apache.ibatis.session.defaults.DefaultSqlSession@16efb063]
14:50:10.777 [1922453059@qtp-839149494-3] DEBUG org.mybatis.spring.SqlSessionUtils.debug - Transaction synchronization rolling back SqlSession [org.apache.ibatis.session.defaults.DefaultSqlSession@16efb063]
14:50:10.777 [1922453059@qtp-839149494-3] DEBUG org.mybatis.spring.SqlSessionUtils.debug - Transaction synchronization closing SqlSession [org.apache.ibatis.session.defaults.DefaultSqlSession@16efb063]
14:50:10.808 [1922453059@qtp-839149494-3] ERROR com.isoftstone.app.controller.manager.job.JobTypeController.list - 获取所有工作类别出错啦：
### Error querying database.  Cause: com.mysql.jdbc.exceptions.jdbc4.MySQLSyntaxErrorException: Table 'issrecruit.t_expert_type' doesn't exist
### The error may exist in file [D:\workspace_zpApp\zpApp\target\classes\META-INF\mybatis\manager\job\Mysql_JobTypeMapper.xml]
### The error may involve defaultParameterMap
### The error occurred while setting parameters
### SQL: SELECT    type_id typeId,    type_name typeName,    update_time updateTime,    create_time createTime   FROM t_expert_type   where classification = ?
### Cause: com.mysql.jdbc.exceptions.jdbc4.MySQLSyntaxErrorException: Table 'issrecruit.t_expert_type' doesn't exist
; bad SQL grammar []; nested exception is com.mysql.jdbc.exceptions.jdbc4.MySQLSyntaxErrorException: Table 'issrecruit.t_expert_type' doesn't exist
org.springframework.jdbc.BadSqlGrammarException: 
### Error querying database.  Cause: com.mysql.jdbc.exceptions.jdbc4.MySQLSyntaxErrorException: Table 'issrecruit.t_expert_type' doesn't exist
### The error may exist in file [D:\workspace_zpApp\zpApp\target\classes\META-INF\mybatis\manager\job\Mysql_JobTypeMapper.xml]
### The error may involve defaultParameterMap
### The error occurred while setting parameters
### SQL: SELECT    type_id typeId,    type_name typeName,    update_time updateTime,    create_time createTime   FROM t_expert_type   where classification = ?
### Cause: com.mysql.jdbc.exceptions.jdbc4.MySQLSyntaxErrorException: Table 'issrecruit.t_expert_type' doesn't exist
; bad SQL grammar []; nested exception is com.mysql.jdbc.exceptions.jdbc4.MySQLSyntaxErrorException: Table 'issrecruit.t_expert_type' doesn't exist
	at org.springframework.jdbc.support.SQLErrorCodeSQLExceptionTranslator.doTranslate(SQLErrorCodeSQLExceptionTranslator.java:233) ~[spring-jdbc-3.1.1.RELEASE.jar:3.1.1.RELEASE]
	at org.springframework.jdbc.support.AbstractFallbackSQLExceptionTranslator.translate(AbstractFallbackSQLExceptionTranslator.java:72) ~[spring-jdbc-3.1.1.RELEASE.jar:3.1.1.RELEASE]
	at org.mybatis.spring.MyBatisExceptionTranslator.translateExceptionIfPossible(MyBatisExceptionTranslator.java:71) ~[mybatis-spring-1.1.1.jar:1.1.1]
	at org.mybatis.spring.SqlSessionTemplate$SqlSessionInterceptor.invoke(SqlSessionTemplate.java:365) ~[mybatis-spring-1.1.1.jar:1.1.1]
	at com.sun.proxy.$Proxy19.selectList(Unknown Source) ~[na:na]
	at org.mybatis.spring.SqlSessionTemplate.selectList(SqlSessionTemplate.java:195) ~[mybatis-spring-1.1.1.jar:1.1.1]
	at com.isoftstone.app.service.job.internal.JobTypeService.getList(JobTypeService.java:140) ~[classes/:na]
	at com.isoftstone.app.service.job.internal.JobTypeService$$FastClassByCGLIB$$6a5e5529.invoke(<generated>) ~[cglib-2.2.jar:na]
	at net.sf.cglib.proxy.MethodProxy.invoke(MethodProxy.java:191) ~[cglib-2.2.jar:na]
	at org.springframework.aop.framework.Cglib2AopProxy$CglibMethodInvocation.invokeJoinpoint(Cglib2AopProxy.java:689) ~[spring-aop-3.1.1.RELEASE.jar:3.1.1.RELEASE]
	at org.springframework.aop.framework.ReflectiveMethodInvocation.proceed(ReflectiveMethodInvocation.java:150) ~[spring-aop-3.1.1.RELEASE.jar:3.1.1.RELEASE]
	at org.springframework.transaction.interceptor.TransactionInterceptor.invoke(TransactionInterceptor.java:110) ~[spring-tx-3.1.1.RELEASE.jar:3.1.1.RELEASE]
	at org.springframework.aop.framework.ReflectiveMethodInvocation.proceed(ReflectiveMethodInvocation.java:172) ~[spring-aop-3.1.1.RELEASE.jar:3.1.1.RELEASE]
	at org.springframework.aop.interceptor.ExposeInvocationInterceptor.invoke(ExposeInvocationInterceptor.java:90) ~[spring-aop-3.1.1.RELEASE.jar:3.1.1.RELEASE]
	at org.springframework.aop.framework.ReflectiveMethodInvocation.proceed(ReflectiveMethodInvocation.java:172) ~[spring-aop-3.1.1.RELEASE.jar:3.1.1.RELEASE]
	at org.springframework.aop.framework.Cglib2AopProxy$DynamicAdvisedInterceptor.intercept(Cglib2AopProxy.java:622) ~[spring-aop-3.1.1.RELEASE.jar:3.1.1.RELEASE]
	at com.isoftstone.app.service.job.internal.JobTypeService$$EnhancerByCGLIB$$97af2742.getList(<generated>) ~[cglib-2.2.jar:na]
	at com.isoftstone.app.controller.manager.job.JobTypeController.list(JobTypeController.java:148) ~[classes/:na]
	at sun.reflect.NativeMethodAccessorImpl.invoke0(Native Method) ~[na:1.7.0_51]
	at sun.reflect.NativeMethodAccessorImpl.invoke(Unknown Source) ~[na:1.7.0_51]
	at sun.reflect.DelegatingMethodAccessorImpl.invoke(Unknown Source) ~[na:1.7.0_51]
	at java.lang.reflect.Method.invoke(Unknown Source) ~[na:1.7.0_51]
	at org.springframework.web.method.support.InvocableHandlerMethod.invoke(InvocableHandlerMethod.java:213) [spring-web-3.1.1.RELEASE.jar:3.1.1.RELEASE]
	at org.springframework.web.method.support.InvocableHandlerMethod.invokeForRequest(InvocableHandlerMethod.java:126) [spring-web-3.1.1.RELEASE.jar:3.1.1.RELEASE]
	at org.springframework.web.servlet.mvc.method.annotation.ServletInvocableHandlerMethod.invokeAndHandle(ServletInvocableHandlerMethod.java:96) [spring-webmvc-3.1.1.RELEASE.jar:3.1.1.RELEASE]
	at org.springframework.web.servlet.mvc.method.annotation.RequestMappingHandlerAdapter.invokeHandlerMethod(RequestMappingHandlerAdapter.java:617) [spring-webmvc-3.1.1.RELEASE.jar:3.1.1.RELEASE]
	at org.springframework.web.servlet.mvc.method.annotation.RequestMappingHandlerAdapter.handleInternal(RequestMappingHandlerAdapter.java:578) [spring-webmvc-3.1.1.RELEASE.jar:3.1.1.RELEASE]
	at org.springframework.web.servlet.mvc.method.AbstractHandlerMethodAdapter.handle(AbstractHandlerMethodAdapter.java:80) [spring-webmvc-3.1.1.RELEASE.jar:3.1.1.RELEASE]
	at org.springframework.web.servlet.DispatcherServlet.doDispatch(DispatcherServlet.java:923) [spring-webmvc-3.1.1.RELEASE.jar:3.1.1.RELEASE]
	at org.springframework.web.servlet.DispatcherServlet.doService(DispatcherServlet.java:852) [spring-webmvc-3.1.1.RELEASE.jar:3.1.1.RELEASE]
	at org.springframework.web.servlet.FrameworkServlet.processRequest(FrameworkServlet.java:882) [spring-webmvc-3.1.1.RELEASE.jar:3.1.1.RELEASE]
	at org.springframework.web.servlet.FrameworkServlet.doGet(FrameworkServlet.java:778) [spring-webmvc-3.1.1.RELEASE.jar:3.1.1.RELEASE]
	at javax.servlet.http.HttpServlet.service(HttpServlet.java:707) [servlet-api-2.5-20081211.jar:na]
	at javax.servlet.http.HttpServlet.service(HttpServlet.java:820) [servlet-api-2.5-20081211.jar:na]
	at org.mortbay.jetty.servlet.ServletHolder.handle(ServletHolder.java:511) [jetty-6.1.26.jar:6.1.26]
	at org.mortbay.jetty.servlet.ServletHandler$CachedChain.doFilter(ServletHandler.java:1221) [jetty-6.1.26.jar:6.1.26]
	at org.springframework.web.filter.CharacterEncodingFilter.doFilterInternal(CharacterEncodingFilter.java:88) [spring-web-3.1.1.RELEASE.jar:3.1.1.RELEASE]
	at org.springframework.web.filter.OncePerRequestFilter.doFilter(OncePerRequestFilter.java:76) [spring-web-3.1.1.RELEASE.jar:3.1.1.RELEASE]
	at org.mortbay.jetty.servlet.ServletHandler$CachedChain.doFilter(ServletHandler.java:1212) [jetty-6.1.26.jar:6.1.26]
	at org.mortbay.jetty.servlet.ServletHandler.handle(ServletHandler.java:399) [jetty-6.1.26.jar:6.1.26]
	at org.mortbay.jetty.security.SecurityHandler.handle(SecurityHandler.java:216) [jetty-6.1.26.jar:6.1.26]
	at org.mortbay.jetty.servlet.SessionHandler.handle(SessionHandler.java:182) [jetty-6.1.26.jar:6.1.26]
	at org.mortbay.jetty.handler.ContextHandler.handle(ContextHandler.java:766) [jetty-6.1.26.jar:6.1.26]
	at org.mortbay.jetty.webapp.WebAppContext.handle(WebAppContext.java:450) [jetty-6.1.26.jar:6.1.26]
	at org.mortbay.jetty.handler.ContextHandlerCollection.handle(ContextHandlerCollection.java:230) [jetty-6.1.26.jar:6.1.26]
	at org.mortbay.jetty.handler.HandlerCollection.handle(HandlerCollection.java:114) [jetty-6.1.26.jar:6.1.26]
	at org.mortbay.jetty.handler.HandlerWrapper.handle(HandlerWrapper.java:152) [jetty-6.1.26.jar:6.1.26]
	at org.mortbay.jetty.Server.handle(Server.java:326) [jetty-6.1.26.jar:6.1.26]
	at org.mortbay.jetty.HttpConnection.handleRequest(HttpConnection.java:542) [jetty-6.1.26.jar:6.1.26]
	at org.mortbay.jetty.HttpConnection$RequestHandler.headerComplete(HttpConnection.java:928) [jetty-6.1.26.jar:6.1.26]
	at org.mortbay.jetty.HttpParser.parseNext(HttpParser.java:549) [jetty-6.1.26.jar:6.1.26]
	at org.mortbay.jetty.HttpParser.parseAvailable(HttpParser.java:212) [jetty-6.1.26.jar:6.1.26]
	at org.mortbay.jetty.HttpConnection.handle(HttpConnection.java:404) [jetty-6.1.26.jar:6.1.26]
	at org.mortbay.io.nio.SelectChannelEndPoint.run(SelectChannelEndPoint.java:410) [jetty-6.1.26.jar:6.1.26]
	at org.mortbay.thread.QueuedThreadPool$PoolThread.run(QueuedThreadPool.java:582) [jetty-util-6.1.26.jar:6.1.26]
Caused by: com.mysql.jdbc.exceptions.jdbc4.MySQLSyntaxErrorException: Table 'issrecruit.t_expert_type' doesn't exist
	at sun.reflect.NativeConstructorAccessorImpl.newInstance0(Native Method) ~[na:1.7.0_51]
	at sun.reflect.NativeConstructorAccessorImpl.newInstance(Unknown Source) ~[na:1.7.0_51]
	at sun.reflect.DelegatingConstructorAccessorImpl.newInstance(Unknown Source) ~[na:1.7.0_51]
	at java.lang.reflect.Constructor.newInstance(Unknown Source) ~[na:1.7.0_51]
	at com.mysql.jdbc.Util.handleNewInstance(Util.java:406) ~[mysql-connector-java-5.1.6.jar:na]
	at com.mysql.jdbc.Util.getInstance(Util.java:381) ~[mysql-connector-java-5.1.6.jar:na]
	at com.mysql.jdbc.SQLError.createSQLException(SQLError.java:1030) ~[mysql-connector-java-5.1.6.jar:na]
	at com.mysql.jdbc.SQLError.createSQLException(SQLError.java:956) ~[mysql-connector-java-5.1.6.jar:na]
	at com.mysql.jdbc.MysqlIO.checkErrorPacket(MysqlIO.java:3491) ~[mysql-connector-java-5.1.6.jar:na]
	at com.mysql.jdbc.MysqlIO.checkErrorPacket(MysqlIO.java:3423) ~[mysql-connector-java-5.1.6.jar:na]
	at com.mysql.jdbc.MysqlIO.sendCommand(MysqlIO.java:1936) ~[mysql-connector-java-5.1.6.jar:na]
	at com.mysql.jdbc.MysqlIO.sqlQueryDirect(MysqlIO.java:2060) ~[mysql-connector-java-5.1.6.jar:na]
	at com.mysql.jdbc.ConnectionImpl.execSQL(ConnectionImpl.java:2542) ~[mysql-connector-java-5.1.6.jar:na]
	at com.mysql.jdbc.PreparedStatement.executeInternal(PreparedStatement.java:1734) ~[mysql-connector-java-5.1.6.jar:na]
	at com.mysql.jdbc.PreparedStatement.execute(PreparedStatement.java:995) ~[mysql-connector-java-5.1.6.jar:na]
	at sun.reflect.NativeMethodAccessorImpl.invoke0(Native Method) ~[na:1.7.0_51]
	at sun.reflect.NativeMethodAccessorImpl.invoke(Unknown Source) ~[na:1.7.0_51]
	at sun.reflect.DelegatingMethodAccessorImpl.invoke(Unknown Source) ~[na:1.7.0_51]
	at java.lang.reflect.Method.invoke(Unknown Source) ~[na:1.7.0_51]
	at org.apache.ibatis.logging.jdbc.PreparedStatementLogger.invoke(PreparedStatementLogger.java:58) ~[mybatis-3.1.1.jar:3.1.1]
	at com.sun.proxy.$Proxy27.execute(Unknown Source) ~[na:na]
	at org.apache.ibatis.executor.statement.PreparedStatementHandler.query(PreparedStatementHandler.java:56) ~[mybatis-3.1.1.jar:3.1.1]
	at org.apache.ibatis.executor.statement.RoutingStatementHandler.query(RoutingStatementHandler.java:70) ~[mybatis-3.1.1.jar:3.1.1]
	at org.apache.ibatis.executor.SimpleExecutor.doQuery(SimpleExecutor.java:57) ~[mybatis-3.1.1.jar:3.1.1]
	at org.apache.ibatis.executor.BaseExecutor.queryFromDatabase(BaseExecutor.java:267) ~[mybatis-3.1.1.jar:3.1.1]
	at org.apache.ibatis.executor.BaseExecutor.query(BaseExecutor.java:141) ~[mybatis-3.1.1.jar:3.1.1]
	at org.apache.ibatis.executor.CachingExecutor.query(CachingExecutor.java:105) ~[mybatis-3.1.1.jar:3.1.1]
	at org.apache.ibatis.executor.CachingExecutor.query(CachingExecutor.java:81) ~[mybatis-3.1.1.jar:3.1.1]
	at org.apache.ibatis.session.defaults.DefaultSqlSession.selectList(DefaultSqlSession.java:101) ~[mybatis-3.1.1.jar:3.1.1]
	at org.apache.ibatis.session.defaults.DefaultSqlSession.selectList(DefaultSqlSession.java:95) ~[mybatis-3.1.1.jar:3.1.1]
	at sun.reflect.NativeMethodAccessorImpl.invoke0(Native Method) ~[na:1.7.0_51]
	at sun.reflect.NativeMethodAccessorImpl.invoke(Unknown Source) ~[na:1.7.0_51]
	at sun.reflect.DelegatingMethodAccessorImpl.invoke(Unknown Source) ~[na:1.7.0_51]
	at java.lang.reflect.Method.invoke(Unknown Source) ~[na:1.7.0_51]
	at org.mybatis.spring.SqlSessionTemplate$SqlSessionInterceptor.invoke(SqlSessionTemplate.java:355) ~[mybatis-spring-1.1.1.jar:1.1.1]
	... 51 common frames omitted
14:55:01.122 [main] DEBUG org.apache.ibatis.logging.LogFactory.debug - Logging initialized using 'org.apache.ibatis.logging.slf4j.Slf4jImpl' adapter.
14:55:01.144 [main] DEBUG org.mybatis.spring.SqlSessionFactoryBean.debug - Property 'configLocation' not specified, using default MyBatis Configuration
14:55:01.768 [main] DEBUG org.mybatis.spring.SqlSessionFactoryBean.debug - Parsed mapper file: 'file [D:\workspace_zpApp\zpApp\target\classes\META-INF\mybatis\manager\config\Mysql_ConfigMapper.xml]'
14:55:01.808 [main] DEBUG org.mybatis.spring.SqlSessionFactoryBean.debug - Parsed mapper file: 'file [D:\workspace_zpApp\zpApp\target\classes\META-INF\mybatis\manager\job\Mysql_JobTypeMapper.xml]'
14:55:01.846 [main] DEBUG org.mybatis.spring.SqlSessionFactoryBean.debug - Parsed mapper file: 'file [D:\workspace_zpApp\zpApp\target\classes\META-INF\mybatis\manager\Mysql_UserMapper.xml]'
14:55:09.299 [1389716578@qtp-1871328486-0] INFO  org.hibernate.validator.util.Version.<clinit> - Hibernate Validator 4.2.0.Final
14:55:09.313 [1389716578@qtp-1871328486-0] DEBUG org.hibernate.validator.engine.resolver.DefaultTraversableResolver.detectJPA - Cannot find javax.persistence.Persistence on classpath. Assuming non JPA 2 environment. All properties will per default be traversable.
14:55:09.318 [1389716578@qtp-1871328486-0] DEBUG org.hibernate.validator.xml.ValidationXmlParser.getValidationConfig - Trying to load META-INF/validation.xml for XML based Validator configuration.
14:55:09.321 [1389716578@qtp-1871328486-0] DEBUG org.hibernate.validator.xml.ValidationXmlParser.getValidationConfig - No META-INF/validation.xml found. Using annotation based configuration only
14:55:42.401 [1393471894@qtp-1871328486-2] DEBUG org.mybatis.spring.SqlSessionUtils.debug - Creating a new SqlSession
14:55:42.411 [1393471894@qtp-1871328486-2] DEBUG org.mybatis.spring.SqlSessionUtils.debug - Registering transaction synchronization for SqlSession [org.apache.ibatis.session.defaults.DefaultSqlSession@1b5b0282]
14:55:42.462 [1393471894@qtp-1871328486-2] DEBUG org.mybatis.spring.transaction.SpringManagedTransaction.debug - JDBC Connection [com.mysql.jdbc.JDBC4Connection@48412763] will be managed by Spring
14:55:42.464 [1393471894@qtp-1871328486-2] DEBUG com.isoftstone.app.userDao.getUserByName.debug - ooo Using Connection [com.mysql.jdbc.JDBC4Connection@48412763]
14:55:42.484 [1393471894@qtp-1871328486-2] DEBUG com.isoftstone.app.userDao.getUserByName.debug - ==>  Preparing: SELECT id, username, password FROM t_user_info WHERE username=? 
14:55:42.526 [1393471894@qtp-1871328486-2] DEBUG com.isoftstone.app.userDao.getUserByName.debug - ==> Parameters: husong(String)
14:55:42.558 [1393471894@qtp-1871328486-2] DEBUG org.mybatis.spring.SqlSessionUtils.debug - Releasing transactional SqlSession [org.apache.ibatis.session.defaults.DefaultSqlSession@1b5b0282]
14:55:42.560 [1393471894@qtp-1871328486-2] DEBUG org.mybatis.spring.SqlSessionUtils.debug - Transaction synchronization committing SqlSession [org.apache.ibatis.session.defaults.DefaultSqlSession@1b5b0282]
14:55:42.560 [1393471894@qtp-1871328486-2] DEBUG org.mybatis.spring.SqlSessionUtils.debug - Transaction synchronization closing SqlSession [org.apache.ibatis.session.defaults.DefaultSqlSession@1b5b0282]
14:55:45.593 [1393471894@qtp-1871328486-2] DEBUG org.mybatis.spring.SqlSessionUtils.debug - Creating a new SqlSession
14:55:45.593 [1393471894@qtp-1871328486-2] DEBUG org.mybatis.spring.SqlSessionUtils.debug - Registering transaction synchronization for SqlSession [org.apache.ibatis.session.defaults.DefaultSqlSession@2a93980e]
14:55:45.640 [1393471894@qtp-1871328486-2] DEBUG org.mybatis.spring.transaction.SpringManagedTransaction.debug - JDBC Connection [com.mysql.jdbc.JDBC4Connection@2e528e5a] will be managed by Spring
14:55:45.641 [1393471894@qtp-1871328486-2] DEBUG com.isoftstone.app.entity.job.jobTypeDao.getList.debug - ooo Using Connection [com.mysql.jdbc.JDBC4Connection@2e528e5a]
14:55:45.641 [1393471894@qtp-1871328486-2] DEBUG com.isoftstone.app.entity.job.jobTypeDao.getList.debug - ==>  Preparing: SELECT type_id typeId, type_name typeName, update_time updateTime, create_time createTime FROM t_job_type where classification = ? 
14:55:45.642 [1393471894@qtp-1871328486-2] DEBUG com.isoftstone.app.entity.job.jobTypeDao.getList.debug - ==> Parameters: 0(Integer)
14:55:45.664 [1393471894@qtp-1871328486-2] DEBUG org.mybatis.spring.SqlSessionUtils.debug - Releasing transactional SqlSession [org.apache.ibatis.session.defaults.DefaultSqlSession@2a93980e]
14:55:45.665 [1393471894@qtp-1871328486-2] DEBUG org.mybatis.spring.SqlSessionUtils.debug - Transaction synchronization committing SqlSession [org.apache.ibatis.session.defaults.DefaultSqlSession@2a93980e]
14:55:45.665 [1393471894@qtp-1871328486-2] DEBUG org.mybatis.spring.SqlSessionUtils.debug - Transaction synchronization closing SqlSession [org.apache.ibatis.session.defaults.DefaultSqlSession@2a93980e]
14:58:34.231 [539139425@qtp-1871328486-5] DEBUG org.mybatis.spring.SqlSessionUtils.debug - Creating a new SqlSession
14:58:34.231 [539139425@qtp-1871328486-5] DEBUG org.mybatis.spring.SqlSessionUtils.debug - Registering transaction synchronization for SqlSession [org.apache.ibatis.session.defaults.DefaultSqlSession@16b72dbe]
14:58:34.232 [539139425@qtp-1871328486-5] DEBUG org.mybatis.spring.transaction.SpringManagedTransaction.debug - JDBC Connection [com.mysql.jdbc.JDBC4Connection@72efeb2e] will be managed by Spring
14:58:34.232 [539139425@qtp-1871328486-5] DEBUG com.isoftstone.app.entity.job.jobTypeDao.getList.debug - ooo Using Connection [com.mysql.jdbc.JDBC4Connection@72efeb2e]
14:58:34.233 [539139425@qtp-1871328486-5] DEBUG com.isoftstone.app.entity.job.jobTypeDao.getList.debug - ==>  Preparing: SELECT type_id typeId, type_name typeName, update_time updateTime, create_time createTime FROM t_job_type where classification = ? 
14:58:34.233 [539139425@qtp-1871328486-5] DEBUG com.isoftstone.app.entity.job.jobTypeDao.getList.debug - ==> Parameters: 0(Integer)
14:58:34.240 [539139425@qtp-1871328486-5] DEBUG org.mybatis.spring.SqlSessionUtils.debug - Releasing transactional SqlSession [org.apache.ibatis.session.defaults.DefaultSqlSession@16b72dbe]
14:58:34.241 [539139425@qtp-1871328486-5] DEBUG org.mybatis.spring.SqlSessionUtils.debug - Transaction synchronization committing SqlSession [org.apache.ibatis.session.defaults.DefaultSqlSession@16b72dbe]
14:58:34.241 [539139425@qtp-1871328486-5] DEBUG org.mybatis.spring.SqlSessionUtils.debug - Transaction synchronization closing SqlSession [org.apache.ibatis.session.defaults.DefaultSqlSession@16b72dbe]
14:58:36.190 [539139425@qtp-1871328486-5] DEBUG org.mybatis.spring.SqlSessionUtils.debug - Creating a new SqlSession
14:58:36.191 [539139425@qtp-1871328486-5] DEBUG org.mybatis.spring.SqlSessionUtils.debug - Registering transaction synchronization for SqlSession [org.apache.ibatis.session.defaults.DefaultSqlSession@295f37d5]
14:58:36.195 [539139425@qtp-1871328486-5] DEBUG org.mybatis.spring.transaction.SpringManagedTransaction.debug - JDBC Connection [com.mysql.jdbc.JDBC4Connection@14f61ae3] will be managed by Spring
14:58:36.195 [539139425@qtp-1871328486-5] DEBUG com.isoftstone.app.entity.job.jobTypeDao.getList.debug - ooo Using Connection [com.mysql.jdbc.JDBC4Connection@14f61ae3]
14:58:36.196 [539139425@qtp-1871328486-5] DEBUG com.isoftstone.app.entity.job.jobTypeDao.getList.debug - ==>  Preparing: SELECT type_id typeId, type_name typeName, update_time updateTime, create_time createTime FROM t_job_type where classification = ? 
14:58:36.196 [539139425@qtp-1871328486-5] DEBUG com.isoftstone.app.entity.job.jobTypeDao.getList.debug - ==> Parameters: 2(Integer)
14:58:36.200 [539139425@qtp-1871328486-5] DEBUG org.mybatis.spring.SqlSessionUtils.debug - Releasing transactional SqlSession [org.apache.ibatis.session.defaults.DefaultSqlSession@295f37d5]
14:58:36.201 [539139425@qtp-1871328486-5] DEBUG org.mybatis.spring.SqlSessionUtils.debug - Transaction synchronization committing SqlSession [org.apache.ibatis.session.defaults.DefaultSqlSession@295f37d5]
14:58:36.201 [539139425@qtp-1871328486-5] DEBUG org.mybatis.spring.SqlSessionUtils.debug - Transaction synchronization closing SqlSession [org.apache.ibatis.session.defaults.DefaultSqlSession@295f37d5]
14:58:38.913 [539139425@qtp-1871328486-5] DEBUG org.mybatis.spring.SqlSessionUtils.debug - Creating a new SqlSession
14:58:38.914 [539139425@qtp-1871328486-5] DEBUG org.mybatis.spring.SqlSessionUtils.debug - Registering transaction synchronization for SqlSession [org.apache.ibatis.session.defaults.DefaultSqlSession@627d52a2]
14:58:38.914 [539139425@qtp-1871328486-5] DEBUG org.mybatis.spring.transaction.SpringManagedTransaction.debug - JDBC Connection [com.mysql.jdbc.JDBC4Connection@58c8bb3f] will be managed by Spring
14:58:38.915 [539139425@qtp-1871328486-5] DEBUG com.isoftstone.app.entity.job.jobTypeDao.getList.debug - ooo Using Connection [com.mysql.jdbc.JDBC4Connection@58c8bb3f]
14:58:38.915 [539139425@qtp-1871328486-5] DEBUG com.isoftstone.app.entity.job.jobTypeDao.getList.debug - ==>  Preparing: SELECT type_id typeId, type_name typeName, update_time updateTime, create_time createTime FROM t_job_type where classification = ? 
14:58:38.916 [539139425@qtp-1871328486-5] DEBUG com.isoftstone.app.entity.job.jobTypeDao.getList.debug - ==> Parameters: 1(Integer)
14:58:38.921 [539139425@qtp-1871328486-5] DEBUG org.mybatis.spring.SqlSessionUtils.debug - Releasing transactional SqlSession [org.apache.ibatis.session.defaults.DefaultSqlSession@627d52a2]
14:58:38.935 [539139425@qtp-1871328486-5] DEBUG org.mybatis.spring.SqlSessionUtils.debug - Transaction synchronization committing SqlSession [org.apache.ibatis.session.defaults.DefaultSqlSession@627d52a2]
14:58:38.936 [539139425@qtp-1871328486-5] DEBUG org.mybatis.spring.SqlSessionUtils.debug - Transaction synchronization closing SqlSession [org.apache.ibatis.session.defaults.DefaultSqlSession@627d52a2]
14:58:41.219 [539139425@qtp-1871328486-5] DEBUG org.mybatis.spring.SqlSessionUtils.debug - Creating a new SqlSession
14:58:41.219 [539139425@qtp-1871328486-5] DEBUG org.mybatis.spring.SqlSessionUtils.debug - Registering transaction synchronization for SqlSession [org.apache.ibatis.session.defaults.DefaultSqlSession@1c844498]
14:58:41.220 [539139425@qtp-1871328486-5] DEBUG org.mybatis.spring.transaction.SpringManagedTransaction.debug - JDBC Connection [com.mysql.jdbc.JDBC4Connection@2b984f64] will be managed by Spring
14:58:41.220 [539139425@qtp-1871328486-5] DEBUG com.isoftstone.app.entity.job.jobTypeDao.getList.debug - ooo Using Connection [com.mysql.jdbc.JDBC4Connection@2b984f64]
14:58:41.220 [539139425@qtp-1871328486-5] DEBUG com.isoftstone.app.entity.job.jobTypeDao.getList.debug - ==>  Preparing: SELECT type_id typeId, type_name typeName, update_time updateTime, create_time createTime FROM t_job_type where classification = ? 
14:58:41.221 [539139425@qtp-1871328486-5] DEBUG com.isoftstone.app.entity.job.jobTypeDao.getList.debug - ==> Parameters: 1(Integer)
14:58:41.223 [539139425@qtp-1871328486-5] DEBUG org.mybatis.spring.SqlSessionUtils.debug - Releasing transactional SqlSession [org.apache.ibatis.session.defaults.DefaultSqlSession@1c844498]
14:58:41.224 [539139425@qtp-1871328486-5] DEBUG org.mybatis.spring.SqlSessionUtils.debug - Transaction synchronization committing SqlSession [org.apache.ibatis.session.defaults.DefaultSqlSession@1c844498]
14:58:41.224 [539139425@qtp-1871328486-5] DEBUG org.mybatis.spring.SqlSessionUtils.debug - Transaction synchronization closing SqlSession [org.apache.ibatis.session.defaults.DefaultSqlSession@1c844498]
14:58:42.017 [539139425@qtp-1871328486-5] DEBUG org.mybatis.spring.SqlSessionUtils.debug - Creating a new SqlSession
14:58:42.018 [539139425@qtp-1871328486-5] DEBUG org.mybatis.spring.SqlSessionUtils.debug - Registering transaction synchronization for SqlSession [org.apache.ibatis.session.defaults.DefaultSqlSession@7edce77f]
14:58:42.018 [539139425@qtp-1871328486-5] DEBUG org.mybatis.spring.transaction.SpringManagedTransaction.debug - JDBC Connection [com.mysql.jdbc.JDBC4Connection@70f94bc2] will be managed by Spring
14:58:42.019 [539139425@qtp-1871328486-5] DEBUG com.isoftstone.app.entity.job.jobTypeDao.getList.debug - ooo Using Connection [com.mysql.jdbc.JDBC4Connection@70f94bc2]
14:58:42.019 [539139425@qtp-1871328486-5] DEBUG com.isoftstone.app.entity.job.jobTypeDao.getList.debug - ==>  Preparing: SELECT type_id typeId, type_name typeName, update_time updateTime, create_time createTime FROM t_job_type where classification = ? 
14:58:42.020 [539139425@qtp-1871328486-5] DEBUG com.isoftstone.app.entity.job.jobTypeDao.getList.debug - ==> Parameters: 1(Integer)
14:58:42.041 [539139425@qtp-1871328486-5] DEBUG org.mybatis.spring.SqlSessionUtils.debug - Releasing transactional SqlSession [org.apache.ibatis.session.defaults.DefaultSqlSession@7edce77f]
14:58:42.043 [539139425@qtp-1871328486-5] DEBUG org.mybatis.spring.SqlSessionUtils.debug - Transaction synchronization committing SqlSession [org.apache.ibatis.session.defaults.DefaultSqlSession@7edce77f]
14:58:42.043 [539139425@qtp-1871328486-5] DEBUG org.mybatis.spring.SqlSessionUtils.debug - Transaction synchronization closing SqlSession [org.apache.ibatis.session.defaults.DefaultSqlSession@7edce77f]
14:58:42.625 [539139425@qtp-1871328486-5] DEBUG org.mybatis.spring.SqlSessionUtils.debug - Creating a new SqlSession
14:58:42.625 [539139425@qtp-1871328486-5] DEBUG org.mybatis.spring.SqlSessionUtils.debug - Registering transaction synchronization for SqlSession [org.apache.ibatis.session.defaults.DefaultSqlSession@26781f0d]
14:58:42.626 [539139425@qtp-1871328486-5] DEBUG org.mybatis.spring.transaction.SpringManagedTransaction.debug - JDBC Connection [com.mysql.jdbc.JDBC4Connection@248ef8eb] will be managed by Spring
14:58:42.626 [539139425@qtp-1871328486-5] DEBUG com.isoftstone.app.entity.job.jobTypeDao.getList.debug - ooo Using Connection [com.mysql.jdbc.JDBC4Connection@248ef8eb]
14:58:42.626 [539139425@qtp-1871328486-5] DEBUG com.isoftstone.app.entity.job.jobTypeDao.getList.debug - ==>  Preparing: SELECT type_id typeId, type_name typeName, update_time updateTime, create_time createTime FROM t_job_type where classification = ? 
14:58:42.627 [539139425@qtp-1871328486-5] DEBUG com.isoftstone.app.entity.job.jobTypeDao.getList.debug - ==> Parameters: 2(Integer)
14:58:42.645 [539139425@qtp-1871328486-5] DEBUG org.mybatis.spring.SqlSessionUtils.debug - Releasing transactional SqlSession [org.apache.ibatis.session.defaults.DefaultSqlSession@26781f0d]
14:58:42.649 [539139425@qtp-1871328486-5] DEBUG org.mybatis.spring.SqlSessionUtils.debug - Transaction synchronization committing SqlSession [org.apache.ibatis.session.defaults.DefaultSqlSession@26781f0d]
14:58:42.650 [539139425@qtp-1871328486-5] DEBUG org.mybatis.spring.SqlSessionUtils.debug - Transaction synchronization closing SqlSession [org.apache.ibatis.session.defaults.DefaultSqlSession@26781f0d]
14:58:47.748 [539139425@qtp-1871328486-5] DEBUG org.mybatis.spring.SqlSessionUtils.debug - Creating a new SqlSession
14:58:47.748 [539139425@qtp-1871328486-5] DEBUG org.mybatis.spring.SqlSessionUtils.debug - Registering transaction synchronization for SqlSession [org.apache.ibatis.session.defaults.DefaultSqlSession@1a3b60c]
14:58:47.748 [539139425@qtp-1871328486-5] DEBUG org.mybatis.spring.transaction.SpringManagedTransaction.debug - JDBC Connection [com.mysql.jdbc.JDBC4Connection@703aa55] will be managed by Spring
14:58:47.749 [539139425@qtp-1871328486-5] DEBUG com.isoftstone.app.entity.job.jobTypeDao.getList.debug - ooo Using Connection [com.mysql.jdbc.JDBC4Connection@703aa55]
14:58:47.749 [539139425@qtp-1871328486-5] DEBUG com.isoftstone.app.entity.job.jobTypeDao.getList.debug - ==>  Preparing: SELECT type_id typeId, type_name typeName, update_time updateTime, create_time createTime FROM t_job_type where classification = ? 
14:58:47.749 [539139425@qtp-1871328486-5] DEBUG com.isoftstone.app.entity.job.jobTypeDao.getList.debug - ==> Parameters: 1(Integer)
14:58:47.752 [539139425@qtp-1871328486-5] DEBUG org.mybatis.spring.SqlSessionUtils.debug - Releasing transactional SqlSession [org.apache.ibatis.session.defaults.DefaultSqlSession@1a3b60c]
14:58:47.753 [539139425@qtp-1871328486-5] DEBUG org.mybatis.spring.SqlSessionUtils.debug - Transaction synchronization committing SqlSession [org.apache.ibatis.session.defaults.DefaultSqlSession@1a3b60c]
14:58:47.753 [539139425@qtp-1871328486-5] DEBUG org.mybatis.spring.SqlSessionUtils.debug - Transaction synchronization closing SqlSession [org.apache.ibatis.session.defaults.DefaultSqlSession@1a3b60c]
15:01:06.497 [1393471894@qtp-1871328486-2] DEBUG org.mybatis.spring.SqlSessionUtils.debug - Creating a new SqlSession
15:01:06.497 [1393471894@qtp-1871328486-2] DEBUG org.mybatis.spring.SqlSessionUtils.debug - Registering transaction synchronization for SqlSession [org.apache.ibatis.session.defaults.DefaultSqlSession@498bbc47]
15:01:06.498 [1393471894@qtp-1871328486-2] DEBUG org.mybatis.spring.transaction.SpringManagedTransaction.debug - JDBC Connection [com.mysql.jdbc.JDBC4Connection@48ec1169] will be managed by Spring
15:01:06.498 [1393471894@qtp-1871328486-2] DEBUG com.isoftstone.app.entity.job.jobTypeDao.getList.debug - ooo Using Connection [com.mysql.jdbc.JDBC4Connection@48ec1169]
15:01:06.498 [1393471894@qtp-1871328486-2] DEBUG com.isoftstone.app.entity.job.jobTypeDao.getList.debug - ==>  Preparing: SELECT type_id typeId, type_name typeName, update_time updateTime, create_time createTime FROM t_job_type where classification = ? 
15:01:06.498 [1393471894@qtp-1871328486-2] DEBUG com.isoftstone.app.entity.job.jobTypeDao.getList.debug - ==> Parameters: 0(Integer)
15:01:06.501 [1393471894@qtp-1871328486-2] DEBUG org.mybatis.spring.SqlSessionUtils.debug - Releasing transactional SqlSession [org.apache.ibatis.session.defaults.DefaultSqlSession@498bbc47]
15:01:06.515 [1393471894@qtp-1871328486-2] DEBUG org.mybatis.spring.SqlSessionUtils.debug - Transaction synchronization committing SqlSession [org.apache.ibatis.session.defaults.DefaultSqlSession@498bbc47]
15:01:06.516 [1393471894@qtp-1871328486-2] DEBUG org.mybatis.spring.SqlSessionUtils.debug - Transaction synchronization closing SqlSession [org.apache.ibatis.session.defaults.DefaultSqlSession@498bbc47]
15:03:05.287 [990592385@qtp-1871328486-9] DEBUG org.mybatis.spring.SqlSessionUtils.debug - Creating a new SqlSession
15:03:05.288 [990592385@qtp-1871328486-9] DEBUG org.mybatis.spring.SqlSessionUtils.debug - Registering transaction synchronization for SqlSession [org.apache.ibatis.session.defaults.DefaultSqlSession@1522864c]
15:03:05.288 [990592385@qtp-1871328486-9] DEBUG org.mybatis.spring.transaction.SpringManagedTransaction.debug - JDBC Connection [com.mysql.jdbc.JDBC4Connection@31f237a2] will be managed by Spring
15:03:05.288 [990592385@qtp-1871328486-9] DEBUG com.isoftstone.app.entity.job.jobTypeDao.getList.debug - ooo Using Connection [com.mysql.jdbc.JDBC4Connection@31f237a2]
15:03:05.289 [990592385@qtp-1871328486-9] DEBUG com.isoftstone.app.entity.job.jobTypeDao.getList.debug - ==>  Preparing: SELECT type_id typeId, type_name typeName, update_time updateTime, create_time createTime FROM t_job_type where classification = ? 
15:03:05.289 [990592385@qtp-1871328486-9] DEBUG com.isoftstone.app.entity.job.jobTypeDao.getList.debug - ==> Parameters: 0(Integer)
15:03:05.292 [990592385@qtp-1871328486-9] DEBUG org.mybatis.spring.SqlSessionUtils.debug - Releasing transactional SqlSession [org.apache.ibatis.session.defaults.DefaultSqlSession@1522864c]
15:03:05.293 [990592385@qtp-1871328486-9] DEBUG org.mybatis.spring.SqlSessionUtils.debug - Transaction synchronization committing SqlSession [org.apache.ibatis.session.defaults.DefaultSqlSession@1522864c]
15:03:05.293 [990592385@qtp-1871328486-9] DEBUG org.mybatis.spring.SqlSessionUtils.debug - Transaction synchronization closing SqlSession [org.apache.ibatis.session.defaults.DefaultSqlSession@1522864c]
15:03:55.215 [990592385@qtp-1871328486-9] DEBUG org.mybatis.spring.SqlSessionUtils.debug - Creating a new SqlSession
15:03:55.216 [990592385@qtp-1871328486-9] DEBUG org.mybatis.spring.SqlSessionUtils.debug - Registering transaction synchronization for SqlSession [org.apache.ibatis.session.defaults.DefaultSqlSession@63be527e]
15:03:55.216 [990592385@qtp-1871328486-9] DEBUG org.mybatis.spring.transaction.SpringManagedTransaction.debug - JDBC Connection [com.mysql.jdbc.JDBC4Connection@59571374] will be managed by Spring
15:03:55.216 [990592385@qtp-1871328486-9] DEBUG com.isoftstone.app.entity.job.jobTypeDao.getList.debug - ooo Using Connection [com.mysql.jdbc.JDBC4Connection@59571374]
15:03:55.217 [990592385@qtp-1871328486-9] DEBUG com.isoftstone.app.entity.job.jobTypeDao.getList.debug - ==>  Preparing: SELECT type_id typeId, type_name typeName, update_time updateTime, create_time createTime FROM t_job_type where classification = ? 
15:03:55.217 [990592385@qtp-1871328486-9] DEBUG com.isoftstone.app.entity.job.jobTypeDao.getList.debug - ==> Parameters: 2(Integer)
15:03:55.220 [990592385@qtp-1871328486-9] DEBUG org.mybatis.spring.SqlSessionUtils.debug - Releasing transactional SqlSession [org.apache.ibatis.session.defaults.DefaultSqlSession@63be527e]
15:03:55.221 [990592385@qtp-1871328486-9] DEBUG org.mybatis.spring.SqlSessionUtils.debug - Transaction synchronization committing SqlSession [org.apache.ibatis.session.defaults.DefaultSqlSession@63be527e]
15:03:55.221 [990592385@qtp-1871328486-9] DEBUG org.mybatis.spring.SqlSessionUtils.debug - Transaction synchronization closing SqlSession [org.apache.ibatis.session.defaults.DefaultSqlSession@63be527e]
15:04:12.176 [1372402357@qtp-1871328486-13] DEBUG org.mybatis.spring.SqlSessionUtils.debug - Creating a new SqlSession
15:04:12.177 [1372402357@qtp-1871328486-13] DEBUG org.mybatis.spring.SqlSessionUtils.debug - SqlSession [org.apache.ibatis.session.defaults.DefaultSqlSession@3109800a] was not registered for synchronization because synchronization is not active
15:04:12.188 [1372402357@qtp-1871328486-13] DEBUG org.mybatis.spring.transaction.SpringManagedTransaction.debug - JDBC Connection [com.mysql.jdbc.JDBC4Connection@5f47be4e] will not be managed by Spring
15:04:12.189 [1372402357@qtp-1871328486-13] DEBUG com.isoftstone.app.entity.job.jobTypeDao.nameExists.debug - ooo Using Connection [com.mysql.jdbc.JDBC4Connection@5f47be4e]
15:04:12.189 [1372402357@qtp-1871328486-13] DEBUG com.isoftstone.app.entity.job.jobTypeDao.nameExists.debug - ==>  Preparing: SELECT COUNT(type_id) FROM t_job_type WHERE type_name = ? and classification = ? 
15:04:12.190 [1372402357@qtp-1871328486-13] DEBUG com.isoftstone.app.entity.job.jobTypeDao.nameExists.debug - ==> Parameters: 成都(String), 2(Integer)
15:04:12.191 [1372402357@qtp-1871328486-13] DEBUG org.mybatis.spring.SqlSessionUtils.debug - Closing non transactional SqlSession [org.apache.ibatis.session.defaults.DefaultSqlSession@3109800a]
15:04:12.214 [1372402357@qtp-1871328486-13] DEBUG org.mybatis.spring.SqlSessionUtils.debug - Creating a new SqlSession
15:04:12.215 [1372402357@qtp-1871328486-13] DEBUG org.mybatis.spring.SqlSessionUtils.debug - Registering transaction synchronization for SqlSession [org.apache.ibatis.session.defaults.DefaultSqlSession@32984c6]
15:04:12.215 [1372402357@qtp-1871328486-13] DEBUG org.mybatis.spring.transaction.SpringManagedTransaction.debug - JDBC Connection [com.mysql.jdbc.JDBC4Connection@638a2788] will be managed by Spring
15:04:12.215 [1372402357@qtp-1871328486-13] DEBUG com.isoftstone.app.entity.job.jobTypeDao.add.debug - ooo Using Connection [com.mysql.jdbc.JDBC4Connection@638a2788]
15:04:12.215 [1372402357@qtp-1871328486-13] DEBUG com.isoftstone.app.entity.job.jobTypeDao.add.debug - ==>  Preparing: INSERT INTO t_job_type ( type_name, create_time, classification ) VALUES ( ?, NOW(), ? ) 
15:04:12.216 [1372402357@qtp-1871328486-13] DEBUG com.isoftstone.app.entity.job.jobTypeDao.add.debug - ==> Parameters: 成都(String), 2(Integer)
15:04:12.217 [1372402357@qtp-1871328486-13] DEBUG com.isoftstone.app.entity.job.jobTypeDao.add!selectKey.debug - ooo Using Connection [com.mysql.jdbc.JDBC4Connection@638a2788]
15:04:12.218 [1372402357@qtp-1871328486-13] DEBUG com.isoftstone.app.entity.job.jobTypeDao.add!selectKey.debug - ==>  Preparing: SELECT LAST_INSERT_ID() AS typeId 
15:04:12.218 [1372402357@qtp-1871328486-13] DEBUG com.isoftstone.app.entity.job.jobTypeDao.add!selectKey.debug - ==> Parameters: 
15:04:12.220 [1372402357@qtp-1871328486-13] DEBUG org.mybatis.spring.SqlSessionUtils.debug - Releasing transactional SqlSession [org.apache.ibatis.session.defaults.DefaultSqlSession@32984c6]
15:04:12.227 [1372402357@qtp-1871328486-13] DEBUG org.mybatis.spring.SqlSessionUtils.debug - Transaction synchronization committing SqlSession [org.apache.ibatis.session.defaults.DefaultSqlSession@32984c6]
15:04:12.228 [1372402357@qtp-1871328486-13] DEBUG org.mybatis.spring.SqlSessionUtils.debug - Transaction synchronization closing SqlSession [org.apache.ibatis.session.defaults.DefaultSqlSession@32984c6]
15:04:15.749 [1372402357@qtp-1871328486-13] DEBUG org.mybatis.spring.SqlSessionUtils.debug - Creating a new SqlSession
15:04:15.749 [1372402357@qtp-1871328486-13] DEBUG org.mybatis.spring.SqlSessionUtils.debug - Registering transaction synchronization for SqlSession [org.apache.ibatis.session.defaults.DefaultSqlSession@7366527e]
15:04:15.749 [1372402357@qtp-1871328486-13] DEBUG org.mybatis.spring.transaction.SpringManagedTransaction.debug - JDBC Connection [com.mysql.jdbc.JDBC4Connection@1ada529f] will be managed by Spring
15:04:15.750 [1372402357@qtp-1871328486-13] DEBUG com.isoftstone.app.entity.job.jobTypeDao.getList.debug - ooo Using Connection [com.mysql.jdbc.JDBC4Connection@1ada529f]
15:04:15.750 [1372402357@qtp-1871328486-13] DEBUG com.isoftstone.app.entity.job.jobTypeDao.getList.debug - ==>  Preparing: SELECT type_id typeId, type_name typeName, update_time updateTime, create_time createTime FROM t_job_type where classification = ? 
15:04:15.751 [1372402357@qtp-1871328486-13] DEBUG com.isoftstone.app.entity.job.jobTypeDao.getList.debug - ==> Parameters: 2(Integer)
15:04:15.754 [1372402357@qtp-1871328486-13] DEBUG org.mybatis.spring.SqlSessionUtils.debug - Releasing transactional SqlSession [org.apache.ibatis.session.defaults.DefaultSqlSession@7366527e]
15:04:15.755 [1372402357@qtp-1871328486-13] DEBUG org.mybatis.spring.SqlSessionUtils.debug - Transaction synchronization committing SqlSession [org.apache.ibatis.session.defaults.DefaultSqlSession@7366527e]
15:04:15.756 [1372402357@qtp-1871328486-13] DEBUG org.mybatis.spring.SqlSessionUtils.debug - Transaction synchronization closing SqlSession [org.apache.ibatis.session.defaults.DefaultSqlSession@7366527e]
15:04:17.338 [1372402357@qtp-1871328486-13] DEBUG org.mybatis.spring.SqlSessionUtils.debug - Creating a new SqlSession
15:04:17.339 [1372402357@qtp-1871328486-13] DEBUG org.mybatis.spring.SqlSessionUtils.debug - Registering transaction synchronization for SqlSession [org.apache.ibatis.session.defaults.DefaultSqlSession@28b5d9b8]
15:04:17.339 [1372402357@qtp-1871328486-13] DEBUG org.mybatis.spring.transaction.SpringManagedTransaction.debug - JDBC Connection [com.mysql.jdbc.JDBC4Connection@25d0b375] will be managed by Spring
15:04:17.340 [1372402357@qtp-1871328486-13] DEBUG com.isoftstone.app.entity.job.jobTypeDao.getList.debug - ooo Using Connection [com.mysql.jdbc.JDBC4Connection@25d0b375]
15:04:17.340 [1372402357@qtp-1871328486-13] DEBUG com.isoftstone.app.entity.job.jobTypeDao.getList.debug - ==>  Preparing: SELECT type_id typeId, type_name typeName, update_time updateTime, create_time createTime FROM t_job_type where classification = ? 
15:04:17.341 [1372402357@qtp-1871328486-13] DEBUG com.isoftstone.app.entity.job.jobTypeDao.getList.debug - ==> Parameters: 2(Integer)
15:04:17.361 [1372402357@qtp-1871328486-13] DEBUG org.mybatis.spring.SqlSessionUtils.debug - Releasing transactional SqlSession [org.apache.ibatis.session.defaults.DefaultSqlSession@28b5d9b8]
15:04:17.363 [1372402357@qtp-1871328486-13] DEBUG org.mybatis.spring.SqlSessionUtils.debug - Transaction synchronization committing SqlSession [org.apache.ibatis.session.defaults.DefaultSqlSession@28b5d9b8]
15:04:17.364 [1372402357@qtp-1871328486-13] DEBUG org.mybatis.spring.SqlSessionUtils.debug - Transaction synchronization closing SqlSession [org.apache.ibatis.session.defaults.DefaultSqlSession@28b5d9b8]
15:04:17.936 [1372402357@qtp-1871328486-13] DEBUG org.mybatis.spring.SqlSessionUtils.debug - Creating a new SqlSession
15:04:17.936 [1372402357@qtp-1871328486-13] DEBUG org.mybatis.spring.SqlSessionUtils.debug - Registering transaction synchronization for SqlSession [org.apache.ibatis.session.defaults.DefaultSqlSession@1fe50751]
15:04:17.936 [1372402357@qtp-1871328486-13] DEBUG org.mybatis.spring.transaction.SpringManagedTransaction.debug - JDBC Connection [com.mysql.jdbc.JDBC4Connection@67ab4f53] will be managed by Spring
15:04:17.937 [1372402357@qtp-1871328486-13] DEBUG com.isoftstone.app.entity.job.jobTypeDao.getList.debug - ooo Using Connection [com.mysql.jdbc.JDBC4Connection@67ab4f53]
15:04:17.937 [1372402357@qtp-1871328486-13] DEBUG com.isoftstone.app.entity.job.jobTypeDao.getList.debug - ==>  Preparing: SELECT type_id typeId, type_name typeName, update_time updateTime, create_time createTime FROM t_job_type where classification = ? 
15:04:17.938 [1372402357@qtp-1871328486-13] DEBUG com.isoftstone.app.entity.job.jobTypeDao.getList.debug - ==> Parameters: 1(Integer)
15:04:17.940 [1372402357@qtp-1871328486-13] DEBUG org.mybatis.spring.SqlSessionUtils.debug - Releasing transactional SqlSession [org.apache.ibatis.session.defaults.DefaultSqlSession@1fe50751]
15:04:17.941 [1372402357@qtp-1871328486-13] DEBUG org.mybatis.spring.SqlSessionUtils.debug - Transaction synchronization committing SqlSession [org.apache.ibatis.session.defaults.DefaultSqlSession@1fe50751]
15:04:17.941 [1372402357@qtp-1871328486-13] DEBUG org.mybatis.spring.SqlSessionUtils.debug - Transaction synchronization closing SqlSession [org.apache.ibatis.session.defaults.DefaultSqlSession@1fe50751]
15:04:19.088 [1372402357@qtp-1871328486-13] DEBUG org.mybatis.spring.SqlSessionUtils.debug - Creating a new SqlSession
15:04:19.089 [1372402357@qtp-1871328486-13] DEBUG org.mybatis.spring.SqlSessionUtils.debug - Registering transaction synchronization for SqlSession [org.apache.ibatis.session.defaults.DefaultSqlSession@2cd972df]
15:04:19.089 [1372402357@qtp-1871328486-13] DEBUG org.mybatis.spring.transaction.SpringManagedTransaction.debug - JDBC Connection [com.mysql.jdbc.JDBC4Connection@3eeb5ad] will be managed by Spring
15:04:19.089 [1372402357@qtp-1871328486-13] DEBUG com.isoftstone.app.entity.job.jobTypeDao.getList.debug - ooo Using Connection [com.mysql.jdbc.JDBC4Connection@3eeb5ad]
15:04:19.090 [1372402357@qtp-1871328486-13] DEBUG com.isoftstone.app.entity.job.jobTypeDao.getList.debug - ==>  Preparing: SELECT type_id typeId, type_name typeName, update_time updateTime, create_time createTime FROM t_job_type where classification = ? 
15:04:19.090 [1372402357@qtp-1871328486-13] DEBUG com.isoftstone.app.entity.job.jobTypeDao.getList.debug - ==> Parameters: 2(Integer)
15:04:19.092 [1372402357@qtp-1871328486-13] DEBUG org.mybatis.spring.SqlSessionUtils.debug - Releasing transactional SqlSession [org.apache.ibatis.session.defaults.DefaultSqlSession@2cd972df]
15:04:19.093 [1372402357@qtp-1871328486-13] DEBUG org.mybatis.spring.SqlSessionUtils.debug - Transaction synchronization committing SqlSession [org.apache.ibatis.session.defaults.DefaultSqlSession@2cd972df]
15:04:19.094 [1372402357@qtp-1871328486-13] DEBUG org.mybatis.spring.SqlSessionUtils.debug - Transaction synchronization closing SqlSession [org.apache.ibatis.session.defaults.DefaultSqlSession@2cd972df]
15:43:50.634 [main] DEBUG org.apache.ibatis.logging.LogFactory.debug - Logging initialized using 'org.apache.ibatis.logging.slf4j.Slf4jImpl' adapter.
15:43:50.667 [main] DEBUG org.mybatis.spring.SqlSessionFactoryBean.debug - Property 'configLocation' not specified, using default MyBatis Configuration
15:43:51.861 [main] DEBUG org.mybatis.spring.SqlSessionFactoryBean.debug - Parsed mapper file: 'file [D:\workspace_zpApp\zpApp\target\classes\META-INF\mybatis\manager\config\Mysql_ConfigMapper.xml]'
15:43:52.133 [main] DEBUG org.mybatis.spring.SqlSessionFactoryBean.debug - Parsed mapper file: 'file [D:\workspace_zpApp\zpApp\target\classes\META-INF\mybatis\manager\job\Mysql_JobTypeMapper.xml]'
15:43:52.175 [main] DEBUG org.mybatis.spring.SqlSessionFactoryBean.debug - Parsed mapper file: 'file [D:\workspace_zpApp\zpApp\target\classes\META-INF\mybatis\manager\Mysql_UserMapper.xml]'
15:44:04.601 [158342732@qtp-2007543701-9] INFO  org.hibernate.validator.util.Version.<clinit> - Hibernate Validator 4.2.0.Final
15:44:04.612 [158342732@qtp-2007543701-9] DEBUG org.hibernate.validator.engine.resolver.DefaultTraversableResolver.detectJPA - Cannot find javax.persistence.Persistence on classpath. Assuming non JPA 2 environment. All properties will per default be traversable.
15:44:04.633 [158342732@qtp-2007543701-9] DEBUG org.hibernate.validator.xml.ValidationXmlParser.getValidationConfig - Trying to load META-INF/validation.xml for XML based Validator configuration.
15:44:04.636 [158342732@qtp-2007543701-9] DEBUG org.hibernate.validator.xml.ValidationXmlParser.getValidationConfig - No META-INF/validation.xml found. Using annotation based configuration only
15:44:43.993 [926640475@qtp-2007543701-5] DEBUG org.mybatis.spring.SqlSessionUtils.debug - Creating a new SqlSession
15:44:43.999 [926640475@qtp-2007543701-5] DEBUG org.mybatis.spring.SqlSessionUtils.debug - Registering transaction synchronization for SqlSession [org.apache.ibatis.session.defaults.DefaultSqlSession@3f577bad]
15:44:44.070 [926640475@qtp-2007543701-5] DEBUG org.mybatis.spring.transaction.SpringManagedTransaction.debug - JDBC Connection [com.mysql.jdbc.JDBC4Connection@32334bbe] will be managed by Spring
15:44:44.073 [926640475@qtp-2007543701-5] DEBUG com.isoftstone.app.userDao.getUserByName.debug - ooo Using Connection [com.mysql.jdbc.JDBC4Connection@32334bbe]
15:44:44.082 [926640475@qtp-2007543701-5] DEBUG com.isoftstone.app.userDao.getUserByName.debug - ==>  Preparing: SELECT id, username, password FROM t_user_info WHERE username=? 
15:44:44.130 [926640475@qtp-2007543701-5] DEBUG com.isoftstone.app.userDao.getUserByName.debug - ==> Parameters: husong(String)
15:44:44.240 [926640475@qtp-2007543701-5] DEBUG org.mybatis.spring.SqlSessionUtils.debug - Releasing transactional SqlSession [org.apache.ibatis.session.defaults.DefaultSqlSession@3f577bad]
15:44:44.276 [926640475@qtp-2007543701-5] DEBUG org.mybatis.spring.SqlSessionUtils.debug - Transaction synchronization committing SqlSession [org.apache.ibatis.session.defaults.DefaultSqlSession@3f577bad]
15:44:44.277 [926640475@qtp-2007543701-5] DEBUG org.mybatis.spring.SqlSessionUtils.debug - Transaction synchronization closing SqlSession [org.apache.ibatis.session.defaults.DefaultSqlSession@3f577bad]
15:44:54.962 [158342732@qtp-2007543701-9] DEBUG org.mybatis.spring.SqlSessionUtils.debug - Creating a new SqlSession
15:44:54.962 [158342732@qtp-2007543701-9] DEBUG org.mybatis.spring.SqlSessionUtils.debug - Registering transaction synchronization for SqlSession [org.apache.ibatis.session.defaults.DefaultSqlSession@1925f768]
15:44:55.013 [158342732@qtp-2007543701-9] DEBUG org.mybatis.spring.transaction.SpringManagedTransaction.debug - JDBC Connection [com.mysql.jdbc.JDBC4Connection@6ce5a1e2] will be managed by Spring
15:44:55.014 [158342732@qtp-2007543701-9] DEBUG com.isoftstone.app.entity.job.jobTypeDao.getList.debug - ooo Using Connection [com.mysql.jdbc.JDBC4Connection@6ce5a1e2]
15:44:55.014 [158342732@qtp-2007543701-9] DEBUG com.isoftstone.app.entity.job.jobTypeDao.getList.debug - ==>  Preparing: SELECT type_id typeId, type_name typeName, update_time updateTime, create_time createTime FROM t_job_type where classification = ? 
15:44:55.015 [158342732@qtp-2007543701-9] DEBUG com.isoftstone.app.entity.job.jobTypeDao.getList.debug - ==> Parameters: 0(Integer)
15:44:55.024 [158342732@qtp-2007543701-9] DEBUG org.mybatis.spring.SqlSessionUtils.debug - Releasing transactional SqlSession [org.apache.ibatis.session.defaults.DefaultSqlSession@1925f768]
15:44:55.025 [158342732@qtp-2007543701-9] DEBUG org.mybatis.spring.SqlSessionUtils.debug - Transaction synchronization committing SqlSession [org.apache.ibatis.session.defaults.DefaultSqlSession@1925f768]
15:44:55.025 [158342732@qtp-2007543701-9] DEBUG org.mybatis.spring.SqlSessionUtils.debug - Transaction synchronization closing SqlSession [org.apache.ibatis.session.defaults.DefaultSqlSession@1925f768]
15:44:56.475 [158342732@qtp-2007543701-9] DEBUG org.mybatis.spring.SqlSessionUtils.debug - Creating a new SqlSession
15:44:56.475 [158342732@qtp-2007543701-9] DEBUG org.mybatis.spring.SqlSessionUtils.debug - Registering transaction synchronization for SqlSession [org.apache.ibatis.session.defaults.DefaultSqlSession@20b442ae]
15:44:56.476 [158342732@qtp-2007543701-9] DEBUG org.mybatis.spring.transaction.SpringManagedTransaction.debug - JDBC Connection [com.mysql.jdbc.JDBC4Connection@22d642b0] will be managed by Spring
15:44:56.476 [158342732@qtp-2007543701-9] DEBUG com.isoftstone.app.entity.job.jobTypeDao.getList.debug - ooo Using Connection [com.mysql.jdbc.JDBC4Connection@22d642b0]
15:44:56.476 [158342732@qtp-2007543701-9] DEBUG com.isoftstone.app.entity.job.jobTypeDao.getList.debug - ==>  Preparing: SELECT type_id typeId, type_name typeName, update_time updateTime, create_time createTime FROM t_job_type where classification = ? 
15:44:56.477 [158342732@qtp-2007543701-9] DEBUG com.isoftstone.app.entity.job.jobTypeDao.getList.debug - ==> Parameters: 2(Integer)
15:44:56.480 [158342732@qtp-2007543701-9] DEBUG org.mybatis.spring.SqlSessionUtils.debug - Releasing transactional SqlSession [org.apache.ibatis.session.defaults.DefaultSqlSession@20b442ae]
15:44:56.481 [158342732@qtp-2007543701-9] DEBUG org.mybatis.spring.SqlSessionUtils.debug - Transaction synchronization committing SqlSession [org.apache.ibatis.session.defaults.DefaultSqlSession@20b442ae]
15:44:56.482 [158342732@qtp-2007543701-9] DEBUG org.mybatis.spring.SqlSessionUtils.debug - Transaction synchronization closing SqlSession [org.apache.ibatis.session.defaults.DefaultSqlSession@20b442ae]
15:44:58.893 [158342732@qtp-2007543701-9] DEBUG org.mybatis.spring.SqlSessionUtils.debug - Creating a new SqlSession
15:44:58.893 [158342732@qtp-2007543701-9] DEBUG org.mybatis.spring.SqlSessionUtils.debug - Registering transaction synchronization for SqlSession [org.apache.ibatis.session.defaults.DefaultSqlSession@54bf9c32]
15:44:58.894 [158342732@qtp-2007543701-9] DEBUG org.mybatis.spring.transaction.SpringManagedTransaction.debug - JDBC Connection [com.mysql.jdbc.JDBC4Connection@81daecf] will be managed by Spring
15:44:58.894 [158342732@qtp-2007543701-9] DEBUG com.isoftstone.app.entity.job.jobTypeDao.getList.debug - ooo Using Connection [com.mysql.jdbc.JDBC4Connection@81daecf]
15:44:58.894 [158342732@qtp-2007543701-9] DEBUG com.isoftstone.app.entity.job.jobTypeDao.getList.debug - ==>  Preparing: SELECT type_id typeId, type_name typeName, update_time updateTime, create_time createTime FROM t_job_type where classification = ? 
15:44:58.895 [158342732@qtp-2007543701-9] DEBUG com.isoftstone.app.entity.job.jobTypeDao.getList.debug - ==> Parameters: 2(Integer)
15:44:58.899 [158342732@qtp-2007543701-9] DEBUG org.mybatis.spring.SqlSessionUtils.debug - Releasing transactional SqlSession [org.apache.ibatis.session.defaults.DefaultSqlSession@54bf9c32]
15:44:58.900 [158342732@qtp-2007543701-9] DEBUG org.mybatis.spring.SqlSessionUtils.debug - Transaction synchronization committing SqlSession [org.apache.ibatis.session.defaults.DefaultSqlSession@54bf9c32]
15:44:58.901 [158342732@qtp-2007543701-9] DEBUG org.mybatis.spring.SqlSessionUtils.debug - Transaction synchronization closing SqlSession [org.apache.ibatis.session.defaults.DefaultSqlSession@54bf9c32]
15:44:59.602 [158342732@qtp-2007543701-9] DEBUG org.mybatis.spring.SqlSessionUtils.debug - Creating a new SqlSession
15:44:59.603 [158342732@qtp-2007543701-9] DEBUG org.mybatis.spring.SqlSessionUtils.debug - Registering transaction synchronization for SqlSession [org.apache.ibatis.session.defaults.DefaultSqlSession@7f586789]
15:44:59.603 [158342732@qtp-2007543701-9] DEBUG org.mybatis.spring.transaction.SpringManagedTransaction.debug - JDBC Connection [com.mysql.jdbc.JDBC4Connection@5a10b6e8] will be managed by Spring
15:44:59.604 [158342732@qtp-2007543701-9] DEBUG com.isoftstone.app.entity.job.jobTypeDao.getList.debug - ooo Using Connection [com.mysql.jdbc.JDBC4Connection@5a10b6e8]
15:44:59.604 [158342732@qtp-2007543701-9] DEBUG com.isoftstone.app.entity.job.jobTypeDao.getList.debug - ==>  Preparing: SELECT type_id typeId, type_name typeName, update_time updateTime, create_time createTime FROM t_job_type where classification = ? 
15:44:59.605 [158342732@qtp-2007543701-9] DEBUG com.isoftstone.app.entity.job.jobTypeDao.getList.debug - ==> Parameters: 1(Integer)
15:44:59.609 [158342732@qtp-2007543701-9] DEBUG org.mybatis.spring.SqlSessionUtils.debug - Releasing transactional SqlSession [org.apache.ibatis.session.defaults.DefaultSqlSession@7f586789]
15:44:59.610 [158342732@qtp-2007543701-9] DEBUG org.mybatis.spring.SqlSessionUtils.debug - Transaction synchronization committing SqlSession [org.apache.ibatis.session.defaults.DefaultSqlSession@7f586789]
15:44:59.610 [158342732@qtp-2007543701-9] DEBUG org.mybatis.spring.SqlSessionUtils.debug - Transaction synchronization closing SqlSession [org.apache.ibatis.session.defaults.DefaultSqlSession@7f586789]
15:45:00.761 [158342732@qtp-2007543701-9] DEBUG org.mybatis.spring.SqlSessionUtils.debug - Creating a new SqlSession
15:45:00.761 [158342732@qtp-2007543701-9] DEBUG org.mybatis.spring.SqlSessionUtils.debug - Registering transaction synchronization for SqlSession [org.apache.ibatis.session.defaults.DefaultSqlSession@53f4f291]
15:45:00.762 [158342732@qtp-2007543701-9] DEBUG org.mybatis.spring.transaction.SpringManagedTransaction.debug - JDBC Connection [com.mysql.jdbc.JDBC4Connection@4bc86f15] will be managed by Spring
15:45:00.762 [158342732@qtp-2007543701-9] DEBUG com.isoftstone.app.entity.job.jobTypeDao.getList.debug - ooo Using Connection [com.mysql.jdbc.JDBC4Connection@4bc86f15]
15:45:00.762 [158342732@qtp-2007543701-9] DEBUG com.isoftstone.app.entity.job.jobTypeDao.getList.debug - ==>  Preparing: SELECT type_id typeId, type_name typeName, update_time updateTime, create_time createTime FROM t_job_type where classification = ? 
15:45:00.763 [158342732@qtp-2007543701-9] DEBUG com.isoftstone.app.entity.job.jobTypeDao.getList.debug - ==> Parameters: 2(Integer)
15:45:00.766 [158342732@qtp-2007543701-9] DEBUG org.mybatis.spring.SqlSessionUtils.debug - Releasing transactional SqlSession [org.apache.ibatis.session.defaults.DefaultSqlSession@53f4f291]
15:45:00.767 [158342732@qtp-2007543701-9] DEBUG org.mybatis.spring.SqlSessionUtils.debug - Transaction synchronization committing SqlSession [org.apache.ibatis.session.defaults.DefaultSqlSession@53f4f291]
15:45:00.767 [158342732@qtp-2007543701-9] DEBUG org.mybatis.spring.SqlSessionUtils.debug - Transaction synchronization closing SqlSession [org.apache.ibatis.session.defaults.DefaultSqlSession@53f4f291]
